<?xml version="1.0" encoding="UTF-8"?>
<!-- Generated by org.testng.reporters.JUnitReportReporter -->
<testsuite hostname="SONY-VAIO" name="Selenium.excel.Excel_Login_POI" tests="1" failures="0" timestamp="4 Jan 2018 22:00:51 GMT" time="10.237" errors="0">
  <testcase name="f" time="10.237" classname="Selenium.excel.Excel_Login_POI"/>
</testsuite> <!-- Selenium.excel.Excel_Login_POI -->
