<?xml version="1.0" encoding="UTF-8"?>
<!-- Generated by org.testng.reporters.JUnitReportReporter -->
<testsuite hostname="SONY-VAIO" name="Selenium.Calander_Webtable" tests="1" failures="0" timestamp="24 Dec 2017 21:54:46 GMT" time="16.636" errors="0">
  <testcase name="calanderTest" time="16.636" classname="Selenium.Calander_Webtable"/>
</testsuite> <!-- Selenium.Calander_Webtable -->
