<?xml version="1.0" encoding="UTF-8"?>
<!-- Generated by org.testng.reporters.JUnitReportReporter -->
<testsuite hostname="SONY-VAIO" name="Selenium.Cookies1" tests="1" failures="0" timestamp="27 Dec 2017 03:09:41 GMT" time="11.012" errors="0">
  <testcase name="f" time="11.012" classname="Selenium.Cookies1"/>
</testsuite> <!-- Selenium.Cookies1 -->
