<?xml version="1.0" encoding="UTF-8"?>
<!-- Generated by org.testng.reporters.JUnitReportReporter -->
<testsuite hostname="SONY-VAIO" name="Selenium.Assert_Validations" tests="1" failures="0" timestamp="24 Dec 2017 19:55:40 GMT" time="9.285" errors="0">
  <testcase name="f" time="9.285" classname="Selenium.Assert_Validations"/>
</testsuite> <!-- Selenium.Assert_Validations -->
